Not Found: /robots.txt
[02/Aug/2018 19:04:36] "GET /robots.txt HTTP/1.1" 404 5237
[02/Aug/2018 19:04:36] "GET / HTTP/1.1" 200 39035
[02/Aug/2018 19:04:36] "GET /static/website/assets/lib/slick/slick.css HTTP/1.1" 200 1688
[02/Aug/2018 19:04:37] "GET /static/website/revolution/css/navigation.css HTTP/1.1" 200 59979
[02/Aug/2018 19:04:37] "GET /static/website/revolution/css/settings.css HTTP/1.1" 200 45730
[02/Aug/2018 19:04:37] "GET /static/website/assets/lib/slick/slick-theme.css HTTP/1.1" 200 3294
[02/Aug/2018 19:04:37] "GET /static/website/assets/css/main.css HTTP/1.1" 200 105050
[02/Aug/2018 19:04:37] "GET /static/website/assets/css/bootstrap.min.css HTTP/1.1" 200 121200
[02/Aug/2018 19:04:37] "GET /static/website/assets/css/responsive.css HTTP/1.1" 200 18233
[02/Aug/2018 19:04:38] "GET /static/website/assets/js/bootstrap.min.js HTTP/1.1" 200 37045
[02/Aug/2018 19:04:38] "GET /static/website/assets/lib/slick/slick.js HTTP/1.1" 200 84265
[02/Aug/2018 19:04:38] "GET /static/website/revolution/js/jquery.themepunch.tools.min.js HTTP/1.1" 200 107382
[02/Aug/2018 19:04:39] "GET /media/Individual_Players.jpg HTTP/1.1" 200 134455
Not Found: /assets/img/close2.png
[02/Aug/2018 19:04:39] "GET /assets/img/close2.png HTTP/1.1" 404 5270
[02/Aug/2018 19:04:39] "GET /media/rohitsharma_slCBXEQ.png HTTP/1.1" 200 121306
[02/Aug/2018 19:04:39] "GET /static/website/assets/img/logo.png HTTP/1.1" 200 2621
Not Found: /assets/img/close.png
[02/Aug/2018 19:04:39] "GET /assets/img/close.png HTTP/1.1" 404 5267
[02/Aug/2018 19:04:41] "GET /media/babur_Azam.jpg HTTP/1.1" 200 431777
[02/Aug/2018 19:04:41] "GET /media/Jason-Roy.png HTTP/1.1" 200 262398
[02/Aug/2018 19:04:42] "GET /static/website/revolution/js/jquery.themepunch.revolution.min.js HTTP/1.1" 200 59876
[02/Aug/2018 19:04:43] "GET /static/website/revolution/js/revolution.extension.actions.min.js HTTP/1.1" 200 8090
[02/Aug/2018 19:04:43] "GET /static/website/revolution/js/revolution.extension.carousel.min.js HTTP/1.1" 200 7519
[02/Aug/2018 19:04:44] "GET /static/website/revolution/js/revolution.extension.kenburn.min.js HTTP/1.1" 200 3329
[02/Aug/2018 19:04:44] "GET /static/website/revolution/js/revolution.extension.migration.min.js HTTP/1.1" 200 6104
[02/Aug/2018 19:04:45] "GET /static/website/revolution/js/revolution.extension.layeranimation.min.js HTTP/1.1" 200 45397
[02/Aug/2018 19:04:45] "GET /media/banner_cartoon_12EevkI.jpg HTTP/1.1" 200 731874
[02/Aug/2018 19:04:45] "GET /static/website/revolution/js/revolution.extension.parallax.min.js HTTP/1.1" 200 9186
[02/Aug/2018 19:04:45] "GET /static/website/revolution/js/revolution.extension.navigation.min.js HTTP/1.1" 200 25915
[02/Aug/2018 19:04:46] "GET /static/website/revolution/js/revolution.initialize2.js HTTP/1.1" 200 2522
[02/Aug/2018 19:04:46] "GET /static/website/revolution/js/revolution.extension.slideanims.min.js HTTP/1.1" 200 28372
[02/Aug/2018 19:04:46] "GET /static/website/revolution/js/revolution.extension.video.min.js HTTP/1.1" 200 23835
[02/Aug/2018 19:04:47] "GET /static/website/assets/js/custom.js HTTP/1.1" 200 7696
[02/Aug/2018 19:04:47] "GET /static/website/assets/js/web3/main.js HTTP/1.1" 200 415
[02/Aug/2018 19:04:47] "GET /static/website/assets/js/web3/contractInstance.js HTTP/1.1" 200 7322
[02/Aug/2018 19:04:47] "GET /static/website/assets/js/web3/buyCard.js HTTP/1.1" 200 2504
[02/Aug/2018 19:04:48] "GET /static/website/assets/lib/slick/ajax-loader.gif HTTP/1.1" 200 4178
[02/Aug/2018 19:04:49] "GET /media/pakistanteam_ueeMmSO.jpg HTTP/1.1" 200 1097731
[02/Aug/2018 19:04:51] "GET /media/banner_flag_cartoon_jJzYDh7.jpg HTTP/1.1" 200 693274
[02/Aug/2018 19:04:54] "GET /media/banner_cartoon_jaoycrk.jpg HTTP/1.1" 200 639604
Not Found: /favicon.ico
[02/Aug/2018 19:04:56] "GET /favicon.ico HTTP/1.1" 404 5240
Not Found: /assets/img/close2.png
[02/Aug/2018 19:09:15] "GET /assets/img/close2.png HTTP/1.1" 404 5270
[02/Aug/2018 19:09:16] "GET /countries HTTP/1.1" 200 35858
[02/Aug/2018 19:09:16] "GET /static/website/assets/img/metamask-download.png HTTP/1.1" 200 5473
[02/Aug/2018 19:09:16] "GET /static/website/assets/img/metamask-pay.png HTTP/1.1" 200 5352
Not Found: /assets/img/close.png
[02/Aug/2018 19:09:16] "GET /assets/img/close.png HTTP/1.1" 404 5267
Not Found: /robots.txt
[04/Aug/2018 10:49:33] "GET /robots.txt HTTP/1.1" 404 5237
[04/Aug/2018 10:49:33] "GET / HTTP/1.1" 200 39035
[04/Aug/2018 10:49:34] "GET /static/website/assets/css/responsive.css HTTP/1.1" 200 18233
[04/Aug/2018 10:49:34] "GET /static/website/revolution/css/navigation.css HTTP/1.1" 200 59979
[04/Aug/2018 10:49:34] "GET /static/website/revolution/css/settings.css HTTP/1.1" 200 45730
[04/Aug/2018 10:49:34] "GET /static/website/assets/css/main.css HTTP/1.1" 200 105050
[04/Aug/2018 10:49:34] "GET /static/website/assets/css/bootstrap.min.css HTTP/1.1" 200 121200
[04/Aug/2018 10:49:34] "GET /static/website/assets/lib/slick/slick.css HTTP/1.1" 304 0
[04/Aug/2018 10:49:35] "GET /static/website/assets/lib/slick/slick-theme.css HTTP/1.1" 304 0
[04/Aug/2018 10:49:35] "GET /static/website/assets/js/bootstrap.min.js HTTP/1.1" 200 37045
[04/Aug/2018 10:49:35] "GET /static/website/assets/img/logo.png HTTP/1.1" 304 0
[04/Aug/2018 10:49:35] "GET /static/website/assets/lib/slick/slick.js HTTP/1.1" 200 84265
Not Found: /assets/img/close.png
[04/Aug/2018 10:49:36] "GET /assets/img/close.png HTTP/1.1" 404 5267
[04/Aug/2018 10:49:36] "GET /static/website/revolution/js/jquery.themepunch.tools.min.js HTTP/1.1" 200 107382
[04/Aug/2018 10:49:36] "GET /static/website/revolution/js/jquery.themepunch.revolution.min.js HTTP/1.1" 200 59876
[04/Aug/2018 10:49:36] "GET /media/rohitsharma_slCBXEQ.png HTTP/1.1" 200 121306
Not Found: /assets/img/close2.png
[04/Aug/2018 10:49:36] "GET /assets/img/close2.png HTTP/1.1" 404 5270
[04/Aug/2018 10:49:37] "GET /static/website/revolution/js/revolution.extension.actions.min.js HTTP/1.1" 304 0
[04/Aug/2018 10:49:37] "GET /static/website/revolution/js/revolution.extension.carousel.min.js HTTP/1.1" 304 0
[04/Aug/2018 10:49:37] "GET /static/website/revolution/js/revolution.extension.kenburn.min.js HTTP/1.1" 304 0
[04/Aug/2018 10:49:37] "GET /media/Individual_Players.jpg HTTP/1.1" 200 134455
[04/Aug/2018 10:49:37] "GET /static/website/revolution/js/revolution.extension.migration.min.js HTTP/1.1" 304 0
[04/Aug/2018 10:49:37] "GET /media/babur_Azam.jpg HTTP/1.1" 200 431777
[04/Aug/2018 10:49:37] "GET /static/website/revolution/js/revolution.extension.layeranimation.min.js HTTP/1.1" 200 45397
[04/Aug/2018 10:49:38] "GET /static/website/revolution/js/revolution.extension.parallax.min.js HTTP/1.1" 304 0
[04/Aug/2018 10:49:38] "GET /static/website/revolution/js/revolution.extension.navigation.min.js HTTP/1.1" 200 25915
[04/Aug/2018 10:49:38] "GET /static/website/revolution/js/revolution.extension.slideanims.min.js HTTP/1.1" 200 28372
[04/Aug/2018 10:49:38] "GET /static/website/revolution/js/revolution.extension.video.min.js HTTP/1.1" 200 23835
[04/Aug/2018 10:49:38] "GET /static/website/revolution/js/revolution.initialize2.js HTTP/1.1" 304 0
[04/Aug/2018 10:49:38] "GET /static/website/assets/js/custom.js HTTP/1.1" 304 0
[04/Aug/2018 10:49:38] "GET /media/Jason-Roy.png HTTP/1.1" 200 262398
[04/Aug/2018 10:49:39] "GET /static/website/assets/js/web3/main.js HTTP/1.1" 304 0
[04/Aug/2018 10:49:39] "GET /static/website/assets/js/web3/contractInstance.js HTTP/1.1" 304 0
[04/Aug/2018 10:49:39] "GET /static/website/assets/js/web3/buyCard.js HTTP/1.1" 304 0
[04/Aug/2018 10:49:41] "GET /static/website/assets/lib/slick/ajax-loader.gif HTTP/1.1" 304 0
[04/Aug/2018 10:49:42] "GET /media/banner_flag_cartoon_jJzYDh7.jpg HTTP/1.1" 200 693274
[04/Aug/2018 10:49:45] "GET /media/banner_cartoon_jaoycrk.jpg HTTP/1.1" 200 639604
[04/Aug/2018 10:49:49] "GET /media/pakistanteam_ueeMmSO.jpg HTTP/1.1" 200 1097731
[04/Aug/2018 10:49:51] "GET /media/banner_cartoon_12EevkI.jpg HTTP/1.1" 200 731874
Not Found: /favicon.ico
[04/Aug/2018 10:49:52] "GET /favicon.ico HTTP/1.1" 404 5240
[04/Aug/2018 10:49:55] "GET /countries/10 HTTP/1.1" 200 20346
Not Found: /countries/assets/img/close2.png
[04/Aug/2018 10:49:55] "GET /countries/assets/img/close2.png HTTP/1.1" 404 5300
[04/Aug/2018 10:49:56] "GET /static/website/assets/img/metamask-download.png HTTP/1.1" 304 0
[04/Aug/2018 10:49:56] "GET /static/website/assets/img/metamask-pay.png HTTP/1.1" 304 0
Not Found: /countries/assets/img/close.png
[04/Aug/2018 10:49:56] "GET /countries/assets/img/close.png HTTP/1.1" 404 5297
[04/Aug/2018 10:50:10] "GET / HTTP/1.1" 200 39035
[04/Aug/2018 10:50:10] "GET /static/website/assets/lib/slick/slick.css HTTP/1.1" 200 1688
[04/Aug/2018 10:50:10] "GET /static/website/revolution/css/navigation.css HTTP/1.1" 200 59979
[04/Aug/2018 10:50:10] "GET /static/website/revolution/css/settings.css HTTP/1.1" 200 45730
[04/Aug/2018 10:50:11] "GET /static/website/assets/css/main.css HTTP/1.1" 200 105050
[04/Aug/2018 10:50:11] "GET /static/website/assets/lib/slick/slick-theme.css HTTP/1.1" 200 3294
[04/Aug/2018 10:50:11] "GET /static/website/assets/css/bootstrap.min.css HTTP/1.1" 200 121200
[04/Aug/2018 10:50:11] "GET /static/website/assets/css/responsive.css HTTP/1.1" 200 18233
[04/Aug/2018 10:50:11] "GET /static/website/assets/js/bootstrap.min.js HTTP/1.1" 200 37045
[04/Aug/2018 10:50:13] "GET /static/website/revolution/js/revolution.extension.actions.min.js HTTP/1.1" 200 8090
[04/Aug/2018 10:50:13] "GET /static/website/assets/img/logo.png HTTP/1.1" 200 2621
[04/Aug/2018 10:50:13] "GET /static/website/revolution/js/jquery.themepunch.revolution.min.js HTTP/1.1" 200 59876
[04/Aug/2018 10:50:14] "GET /static/website/revolution/js/jquery.themepunch.tools.min.js HTTP/1.1" 200 107382
Not Found: /assets/img/close.png
[04/Aug/2018 10:50:14] "GET /assets/img/close.png HTTP/1.1" 404 5267
Not Found: /assets/img/close2.png
[04/Aug/2018 10:50:14] "GET /assets/img/close2.png HTTP/1.1" 404 5270
[04/Aug/2018 10:50:14] "GET /static/website/assets/lib/slick/slick.js HTTP/1.1" 200 84265
[04/Aug/2018 10:50:14] "GET /static/website/revolution/js/revolution.extension.carousel.min.js HTTP/1.1" 200 7519
[04/Aug/2018 10:50:14] "GET /static/website/revolution/js/revolution.extension.kenburn.min.js HTTP/1.1" 200 3329
[04/Aug/2018 10:50:15] "GET /static/website/revolution/js/revolution.extension.migration.min.js HTTP/1.1" 200 6104
[04/Aug/2018 10:50:15] "GET /static/website/revolution/js/revolution.extension.parallax.min.js HTTP/1.1" 200 9186
[04/Aug/2018 10:50:15] "GET /static/website/revolution/js/revolution.extension.layeranimation.min.js HTTP/1.1" 200 45397
[04/Aug/2018 10:50:15] "GET /static/website/revolution/js/revolution.extension.navigation.min.js HTTP/1.1" 200 25915
[04/Aug/2018 10:50:15] "GET /media/rohitsharma_slCBXEQ.png HTTP/1.1" 200 121306
[04/Aug/2018 10:50:15] "GET /static/website/revolution/js/revolution.extension.slideanims.min.js HTTP/1.1" 200 28372
[04/Aug/2018 10:50:16] "GET /static/website/revolution/js/revolution.initialize2.js HTTP/1.1" 200 2522
[04/Aug/2018 10:50:16] "GET /static/website/assets/js/custom.js HTTP/1.1" 200 7696
[04/Aug/2018 10:50:16] "GET /static/website/revolution/js/revolution.extension.video.min.js HTTP/1.1" 200 23835
[04/Aug/2018 10:50:16] "GET /static/website/assets/js/web3/main.js HTTP/1.1" 200 415
[04/Aug/2018 10:50:16] "GET /static/website/assets/js/web3/contractInstance.js HTTP/1.1" 200 7322
[04/Aug/2018 10:50:16] "GET /static/website/assets/js/web3/buyCard.js HTTP/1.1" 200 2504
[04/Aug/2018 10:50:17] "GET /static/website/assets/lib/slick/ajax-loader.gif HTTP/1.1" 200 4178
[04/Aug/2018 10:50:19] "GET /media/Individual_Players.jpg HTTP/1.1" 200 134455
[04/Aug/2018 10:50:21] "GET /media/babur_Azam.jpg HTTP/1.1" 200 431777
[04/Aug/2018 10:50:22] "GET /media/banner_cartoon_12EevkI.jpg HTTP/1.1" 200 731874
[04/Aug/2018 10:50:22] "GET /media/Jason-Roy.png HTTP/1.1" 200 262398
[04/Aug/2018 10:50:22] "GET /media/banner_flag_cartoon_jJzYDh7.jpg HTTP/1.1" 200 693274
[04/Aug/2018 10:50:22] "GET /media/banner_cartoon_jaoycrk.jpg HTTP/1.1" 200 639604
[04/Aug/2018 10:50:25] "GET /media/pakistanteam_ueeMmSO.jpg HTTP/1.1" 200 1097731
Not Found: /favicon.ico
[04/Aug/2018 10:50:26] "GET /favicon.ico HTTP/1.1" 404 5240
[04/Aug/2018 10:51:25] "GET /countries/10 HTTP/1.1" 200 20346
[04/Aug/2018 10:51:25] "GET /static/website/assets/lib/slick/slick.css HTTP/1.1" 200 1688
[04/Aug/2018 10:51:25] "GET /static/website/revolution/css/settings.css HTTP/1.1" 200 45730
[04/Aug/2018 10:51:26] "GET /static/website/assets/lib/slick/slick-theme.css HTTP/1.1" 200 3294
[04/Aug/2018 10:51:26] "GET /static/website/revolution/css/navigation.css HTTP/1.1" 200 59979
[04/Aug/2018 10:51:26] "GET /static/website/assets/css/main.css HTTP/1.1" 200 105050
[04/Aug/2018 10:51:26] "GET /static/website/assets/css/responsive.css HTTP/1.1" 200 18233
[04/Aug/2018 10:51:27] "GET /static/website/assets/js/bootstrap.min.js HTTP/1.1" 200 37045
[04/Aug/2018 10:51:27] "GET /static/website/assets/lib/slick/slick.js HTTP/1.1" 200 84265
[04/Aug/2018 10:51:27] "GET /static/website/revolution/js/revolution.extension.actions.min.js HTTP/1.1" 200 8090
[04/Aug/2018 10:51:27] "GET /static/website/assets/css/bootstrap.min.css HTTP/1.1" 200 121200
[04/Aug/2018 10:51:27] "GET /static/website/revolution/js/jquery.themepunch.tools.min.js HTTP/1.1" 200 107382
[04/Aug/2018 10:51:27] "GET /static/website/revolution/js/revolution.extension.carousel.min.js HTTP/1.1" 200 7519
[04/Aug/2018 10:51:28] "GET /static/website/revolution/js/jquery.themepunch.revolution.min.js HTTP/1.1" 200 59876
[04/Aug/2018 10:51:28] "GET /static/website/revolution/js/revolution.extension.kenburn.min.js HTTP/1.1" 200 3329
[04/Aug/2018 10:51:28] "GET /static/website/assets/img/logo.png HTTP/1.1" 200 2621
[04/Aug/2018 10:51:28] "GET /static/website/revolution/js/revolution.extension.layeranimation.min.js HTTP/1.1" 200 45397
Not Found: /countries/assets/img/close2.png
[04/Aug/2018 10:51:28] "GET /countries/assets/img/close2.png HTTP/1.1" 404 5300
Not Found: /countries/assets/img/close.png
[04/Aug/2018 10:51:28] "GET /countries/assets/img/close.png HTTP/1.1" 404 5297
[04/Aug/2018 10:51:28] "GET /static/website/revolution/js/revolution.extension.migration.min.js HTTP/1.1" 200 6104
[04/Aug/2018 10:51:29] "GET /static/website/revolution/js/revolution.extension.parallax.min.js HTTP/1.1" 200 9186
[04/Aug/2018 10:51:29] "GET /static/website/revolution/js/revolution.extension.navigation.min.js HTTP/1.1" 200 25915
[04/Aug/2018 10:51:29] "GET /static/website/revolution/js/revolution.extension.slideanims.min.js HTTP/1.1" 200 28372
[04/Aug/2018 10:51:29] "GET /static/website/revolution/js/revolution.initialize2.js HTTP/1.1" 200 2522
[04/Aug/2018 10:51:29] "GET /static/website/revolution/js/revolution.extension.video.min.js HTTP/1.1" 200 23835
[04/Aug/2018 10:51:29] "GET /static/website/assets/js/custom.js HTTP/1.1" 200 7696
[04/Aug/2018 10:51:30] "GET /static/website/assets/js/web3/main.js HTTP/1.1" 200 415
[04/Aug/2018 10:51:30] "GET /static/website/assets/js/web3/contractInstance.js HTTP/1.1" 200 7322
[04/Aug/2018 10:51:30] "GET /static/website/assets/js/web3/buyCard.js HTTP/1.1" 200 2504
[04/Aug/2018 10:51:30] "GET /static/website/assets/img/metamask-download.png HTTP/1.1" 200 5473
[04/Aug/2018 10:51:30] "GET /static/website/assets/img/metamask-pay.png HTTP/1.1" 200 5352
[04/Aug/2018 10:51:30] "GET /static/website/assets/lib/slick/ajax-loader.gif HTTP/1.1" 200 4178
[04/Aug/2018 10:51:37] "GET /media/pakistanteam_ueeMmSO.jpg HTTP/1.1" 200 1097731
Not Found: /favicon.ico
[04/Aug/2018 10:51:39] "GET /favicon.ico HTTP/1.1" 404 5240
[04/Aug/2018 10:51:39] "GET /countries/10 HTTP/1.1" 200 20346
Not Found: /countries/assets/img/close2.png
[04/Aug/2018 10:51:39] "GET /countries/assets/img/close2.png HTTP/1.1" 404 5300
Not Found: /countries/assets/img/close.png
[04/Aug/2018 10:51:40] "GET /countries/assets/img/close.png HTTP/1.1" 404 5297
Not Found: /favicon.ico
[04/Aug/2018 10:51:41] "GET /favicon.ico HTTP/1.1" 404 5240
Not Found: /favicon.ico
[04/Aug/2018 10:51:42] "GET /favicon.ico HTTP/1.1" 404 5240
[04/Aug/2018 10:51:45] "GET / HTTP/1.1" 200 39035
Not Found: /assets/img/close2.png
[04/Aug/2018 10:51:45] "GET /assets/img/close2.png HTTP/1.1" 404 5270
Not Found: /assets/img/close.png
[04/Aug/2018 10:51:46] "GET /assets/img/close.png HTTP/1.1" 404 5267
Not Found: /robots.txt
[04/Aug/2018 10:57:57] "GET /robots.txt HTTP/1.1" 404 5223
[04/Aug/2018 10:57:57] "GET / HTTP/1.1" 200 39035
[04/Aug/2018 10:57:58] "GET /static/website/revolution/css/navigation.css HTTP/1.1" 200 59979
[04/Aug/2018 10:57:58] "GET /static/website/revolution/css/settings.css HTTP/1.1" 200 45730
[04/Aug/2018 10:57:58] "GET /static/website/assets/lib/slick/slick.css HTTP/1.1" 200 1688
[04/Aug/2018 10:57:58] "GET /static/website/assets/lib/slick/slick-theme.css HTTP/1.1" 200 3294
[04/Aug/2018 10:57:58] "GET /static/website/assets/css/bootstrap.min.css HTTP/1.1" 200 121200
[04/Aug/2018 10:57:58] "GET /static/website/assets/css/responsive.css HTTP/1.1" 200 18233
[04/Aug/2018 10:57:59] "GET /static/website/assets/css/main.css HTTP/1.1" 200 105050
[04/Aug/2018 10:57:59] "GET /static/website/assets/js/bootstrap.min.js HTTP/1.1" 200 37045
[04/Aug/2018 10:57:59] "GET /static/website/revolution/js/revolution.extension.actions.min.js HTTP/1.1" 200 8090
[04/Aug/2018 10:57:59] "GET /static/website/assets/lib/slick/slick.js HTTP/1.1" 200 84265
[04/Aug/2018 10:57:59] "GET /static/website/revolution/js/jquery.themepunch.tools.min.js HTTP/1.1" 200 107382
[04/Aug/2018 10:58:00] "GET /media/rohitsharma_slCBXEQ.png HTTP/1.1" 200 121306
[04/Aug/2018 10:58:00] "GET /static/website/revolution/js/jquery.themepunch.revolution.min.js HTTP/1.1" 200 59876
Not Found: /assets/img/close.png
[04/Aug/2018 10:58:00] "GET /assets/img/close.png HTTP/1.1" 404 5253
Not Found: /assets/img/close2.png
[04/Aug/2018 10:58:01] "GET /assets/img/close2.png HTTP/1.1" 404 5256
[04/Aug/2018 10:58:01] "GET /static/website/assets/img/logo.png HTTP/1.1" 200 2621
[04/Aug/2018 10:58:01] "GET /media/Individual_Players.jpg HTTP/1.1" 200 134455
[04/Aug/2018 10:58:01] "GET /static/website/revolution/js/revolution.extension.carousel.min.js HTTP/1.1" 200 7519
[04/Aug/2018 10:58:02] "GET /static/website/revolution/js/revolution.extension.kenburn.min.js HTTP/1.1" 200 3329
[04/Aug/2018 10:58:02] "GET /static/website/revolution/js/revolution.extension.migration.min.js HTTP/1.1" 200 6104
[04/Aug/2018 10:58:02] "GET /static/website/revolution/js/revolution.extension.layeranimation.min.js HTTP/1.1" 200 45397
[04/Aug/2018 10:58:02] "GET /static/website/revolution/js/revolution.extension.parallax.min.js HTTP/1.1" 200 9186
[04/Aug/2018 10:58:02] "GET /static/website/revolution/js/revolution.extension.navigation.min.js HTTP/1.1" 200 25915
[04/Aug/2018 10:58:03] "GET /static/website/revolution/js/revolution.extension.slideanims.min.js HTTP/1.1" 200 28372
[04/Aug/2018 10:58:03] "GET /media/babur_Azam.jpg HTTP/1.1" 200 431777
[04/Aug/2018 10:58:03] "GET /static/website/revolution/js/revolution.initialize2.js HTTP/1.1" 200 2522
[04/Aug/2018 10:58:03] "GET /static/website/assets/js/custom.js HTTP/1.1" 200 7696
[04/Aug/2018 10:58:03] "GET /static/website/revolution/js/revolution.extension.video.min.js HTTP/1.1" 200 23835
[04/Aug/2018 10:58:03] "GET /media/Jason-Roy.png HTTP/1.1" 200 262398
[04/Aug/2018 10:58:03] "GET /static/website/assets/js/web3/main.js HTTP/1.1" 200 415
[04/Aug/2018 10:58:04] "GET /static/website/assets/js/web3/contractInstance.js HTTP/1.1" 200 7322
[04/Aug/2018 10:58:04] "GET /static/website/assets/js/web3/buyCard.js HTTP/1.1" 200 2504
[04/Aug/2018 10:58:04] "GET /static/website/assets/lib/slick/ajax-loader.gif HTTP/1.1" 200 4178
[04/Aug/2018 10:58:08] "GET /media/banner_cartoon_jaoycrk.jpg HTTP/1.1" 200 639604
[04/Aug/2018 10:58:13] "GET /media/pakistanteam_ueeMmSO.jpg HTTP/1.1" 200 1097731
[04/Aug/2018 10:58:14] "GET /media/banner_flag_cartoon_jJzYDh7.jpg HTTP/1.1" 200 693274
[04/Aug/2018 10:58:15] "GET /media/banner_cartoon_12EevkI.jpg HTTP/1.1" 200 731874
Not Found: /favicon.ico
[04/Aug/2018 10:58:17] "GET /favicon.ico HTTP/1.1" 404 5226
[04/Aug/2018 11:00:23] code 400, message Bad request syntax ('\x16\x03\x01\x02\x00\x01\x00\x01ü\x03\x03\x08\x97×\x89!&è\x90\tY¦[\x95\x9f%^\x08nÀösb\x02?\x05Ú<\x0fÁh\x96Ï \x85\x14\x8f\x18\x05â\x99ÁïÛ£s8/Ñ§\x01oÁÍ\x8a§gE}<ÖY,\x1cýr\x00"::\x13\x01\x13\x02\x13\x03À+À/À,À0Ì©Ì¨À\x13À\x14\x00\x9c\x00\x9d\x00/\x005\x00')
[04/Aug/2018 11:00:23] You're accessing the development server over HTTPS, but it only supports HTTP.

[04/Aug/2018 11:00:23] code 400, message Bad request syntax ('\x16\x03\x01\x02\x00\x01\x00\x01ü\x03\x03ïx¾ç\xa0\x86~Rý#\x9d3¨\x0evB©~K\x80¤\x92\x08½j8\x8f\x18Ë²\x1dÝ ¸·ð)tÂd5\xado\x1db¨\x94R³(Ò¯C5Âk¢ºç9ã\x00¼¨É\x00"úú\x13\x01\x13\x02\x13\x03À+À/À,À0Ì©Ì¨À\x13À\x14\x00\x9c\x00\x9d\x00/\x005\x00')
[04/Aug/2018 11:00:23] You're accessing the development server over HTTPS, but it only supports HTTP.

[04/Aug/2018 11:00:23] code 400, message Bad request syntax ('\x16\x03\x01\x00É\x01\x00\x00Å\x03\x03K\x8f\x9c\x0cKe4\x850¨Ö¿ß\x9f^\x7f\x9cs\x8bQ\x9a\x07¿\t\x04ôñ\x9d\x1f\x9da\x03\x00\x00\x1c\x1a\x1aÀ+À/À,À0Ì©Ì¨À\x13À\x14\x00\x9c\x00\x9d\x00/\x005\x00')
[04/Aug/2018 11:00:23] You're accessing the development server over HTTPS, but it only supports HTTP.

Not Found: /robots.txt
[04/Aug/2018 11:00:34] "GET /robots.txt HTTP/1.1" 404 5237
[04/Aug/2018 11:00:34] "GET / HTTP/1.1" 200 39035
Not Found: /assets/img/close2.png
[04/Aug/2018 11:00:34] "GET /assets/img/close2.png HTTP/1.1" 404 5270
Not Found: /assets/img/close.png
[04/Aug/2018 11:00:35] "GET /assets/img/close.png HTTP/1.1" 404 5267
  File "manage.py", line 14
    ) from exc
         ^
SyntaxError: invalid syntax
  File "manage.py", line 14
    ) from exc
         ^
SyntaxError: invalid syntax
[04/Aug/2018 14:32:10] "GET / HTTP/1.1" 200 39035
[04/Aug/2018 14:32:10] "GET /static/website/assets/lib/slick/slick.css HTTP/1.1" 200 1688
[04/Aug/2018 14:32:10] "GET /static/website/revolution/css/settings.css HTTP/1.1" 200 45730
[04/Aug/2018 14:32:10] "GET /static/website/revolution/css/navigation.css HTTP/1.1" 200 59979
[04/Aug/2018 14:32:10] "GET /static/website/assets/css/main.css HTTP/1.1" 200 105050
[04/Aug/2018 14:32:10] "GET /static/website/assets/lib/slick/slick-theme.css HTTP/1.1" 200 3294
[04/Aug/2018 14:32:10] "GET /static/website/assets/css/bootstrap.min.css HTTP/1.1" 200 121200
[04/Aug/2018 14:32:11] "GET /static/website/assets/css/responsive.css HTTP/1.1" 200 18233
[04/Aug/2018 14:32:11] "GET /static/website/assets/js/bootstrap.min.js HTTP/1.1" 200 37045
[04/Aug/2018 14:32:12] "GET /static/website/assets/lib/slick/slick.js HTTP/1.1" 200 84265
[04/Aug/2018 14:32:12] "GET /static/website/revolution/js/jquery.themepunch.tools.min.js HTTP/1.1" 200 107382
[04/Aug/2018 14:32:12] "GET /media/Individual_Players.jpg HTTP/1.1" 200 134455
[04/Aug/2018 14:32:12] "GET /media/rohitsharma_slCBXEQ.png HTTP/1.1" 200 121306
[04/Aug/2018 14:32:12] "GET /static/website/assets/img/logo.png HTTP/1.1" 200 2621
Not Found: /assets/img/close2.png
[04/Aug/2018 14:32:13] "GET /assets/img/close2.png HTTP/1.1" 404 5270
[04/Aug/2018 14:32:13] "GET /media/babur_Azam.jpg HTTP/1.1" 200 431777
Not Found: /assets/img/close.png
[04/Aug/2018 14:32:13] "GET /assets/img/close.png HTTP/1.1" 404 5267
[04/Aug/2018 14:32:13] "GET /static/website/revolution/js/revolution.extension.actions.min.js HTTP/1.1" 200 8090
[04/Aug/2018 14:32:13] "GET /static/website/revolution/js/revolution.extension.carousel.min.js HTTP/1.1" 200 7519
[04/Aug/2018 14:32:14] "GET /static/website/revolution/js/jquery.themepunch.revolution.min.js HTTP/1.1" 200 59876
[04/Aug/2018 14:32:14] "GET /static/website/revolution/js/revolution.extension.kenburn.min.js HTTP/1.1" 200 3329
[04/Aug/2018 14:32:14] "GET /static/website/revolution/js/revolution.extension.migration.min.js HTTP/1.1" 200 6104
[04/Aug/2018 14:32:14] "GET /static/website/revolution/js/revolution.extension.layeranimation.min.js HTTP/1.1" 200 45397
[04/Aug/2018 14:32:14] "GET /media/Jason-Roy.png HTTP/1.1" 200 262398
[04/Aug/2018 14:32:14] "GET /static/website/revolution/js/revolution.extension.parallax.min.js HTTP/1.1" 200 9186
[04/Aug/2018 14:32:15] "GET /static/website/revolution/js/revolution.extension.navigation.min.js HTTP/1.1" 200 25915
[04/Aug/2018 14:32:15] "GET /static/website/revolution/js/revolution.extension.slideanims.min.js HTTP/1.1" 200 28372
[04/Aug/2018 14:32:15] "GET /static/website/revolution/js/revolution.extension.video.min.js HTTP/1.1" 200 23835
[04/Aug/2018 14:32:15] "GET /static/website/revolution/js/revolution.initialize2.js HTTP/1.1" 200 2522
[04/Aug/2018 14:32:15] "GET /static/website/assets/js/custom.js HTTP/1.1" 200 7696
[04/Aug/2018 14:32:15] "GET /static/website/assets/js/web3/main.js HTTP/1.1" 200 415
[04/Aug/2018 14:32:15] "GET /static/website/assets/js/web3/buyCard.js HTTP/1.1" 200 2504
[04/Aug/2018 14:32:16] "GET /static/website/assets/js/web3/contractInstance.js HTTP/1.1" 200 7322
[04/Aug/2018 14:32:16] "GET / HTTP/1.1" 200 39035
[04/Aug/2018 14:32:16] "GET /static/website/assets/lib/slick/ajax-loader.gif HTTP/1.1" 200 4178
[04/Aug/2018 14:32:16] "GET /static/website/revolution/css/settings.css HTTP/1.1" 200 45730
[04/Aug/2018 14:32:16] "GET /static/website/assets/lib/slick/slick.css HTTP/1.1" 200 1688
[04/Aug/2018 14:32:17] "GET /static/website/assets/lib/slick/slick-theme.css HTTP/1.1" 200 3294
[04/Aug/2018 14:32:17] "GET /static/website/revolution/css/navigation.css HTTP/1.1" 200 59979
[04/Aug/2018 14:32:17] "GET /static/website/assets/css/main.css HTTP/1.1" 200 105050
[04/Aug/2018 14:32:17] "GET /static/website/assets/css/responsive.css HTTP/1.1" 200 18233
[04/Aug/2018 14:32:17] "GET /static/website/assets/css/bootstrap.min.css HTTP/1.1" 200 121200
[04/Aug/2018 14:32:18] "GET /static/website/revolution/js/revolution.extension.actions.min.js HTTP/1.1" 200 8090
[04/Aug/2018 14:32:18] "GET /static/website/revolution/js/revolution.extension.carousel.min.js HTTP/1.1" 200 7519
[04/Aug/2018 14:32:18] "GET /static/website/assets/js/bootstrap.min.js HTTP/1.1" 200 37045
[04/Aug/2018 14:32:19] "GET /static/website/assets/lib/slick/slick.js HTTP/1.1" 200 84265
[04/Aug/2018 14:32:19] "GET /static/website/assets/img/logo.png HTTP/1.1" 200 2621
[04/Aug/2018 14:32:19] "GET /static/website/revolution/js/jquery.themepunch.revolution.min.js HTTP/1.1" 200 59876
Not Found: /assets/img/close.png
[04/Aug/2018 14:32:19] "GET /assets/img/close.png HTTP/1.1" 404 5267
Not Found: /assets/img/close2.png
[04/Aug/2018 14:32:19] "GET /assets/img/close2.png HTTP/1.1" 404 5270
[04/Aug/2018 14:32:19] "GET /static/website/revolution/js/revolution.extension.kenburn.min.js HTTP/1.1" 200 3329
[04/Aug/2018 14:32:20] "GET /media/rohitsharma_slCBXEQ.png HTTP/1.1" 200 121306
[04/Aug/2018 14:32:20] "GET /static/website/revolution/js/revolution.extension.migration.min.js HTTP/1.1" 200 6104
[04/Aug/2018 14:32:20] "GET /static/website/revolution/js/revolution.extension.parallax.min.js HTTP/1.1" 200 9186
[04/Aug/2018 14:32:21] "GET /media/banner_cartoon_jaoycrk.jpg HTTP/1.1" 200 639604
[04/Aug/2018 14:32:23] "GET /media/banner_cartoon_12EevkI.jpg HTTP/1.1" 200 731874
[04/Aug/2018 14:32:25] "GET /media/banner_flag_cartoon_jJzYDh7.jpg HTTP/1.1" 200 693274
[04/Aug/2018 14:32:33] "GET /media/pakistanteam_ueeMmSO.jpg HTTP/1.1" 200 1097731
Not Found: /favicon.ico
[04/Aug/2018 14:32:34] "GET /favicon.ico HTTP/1.1" 404 5240
[04/Aug/2018 14:33:36] "GET / HTTP/1.1" 200 39035
[04/Aug/2018 14:33:36] "GET /static/website/revolution/css/settings.css HTTP/1.1" 200 45730
[04/Aug/2018 14:33:36] "GET /static/website/assets/lib/slick/slick.css HTTP/1.1" 200 1688
[04/Aug/2018 14:33:36] "GET /static/website/assets/lib/slick/slick-theme.css HTTP/1.1" 200 3294
[04/Aug/2018 14:33:36] "GET /static/website/revolution/css/navigation.css HTTP/1.1" 200 59979
[04/Aug/2018 14:33:37] "GET /static/website/assets/css/responsive.css HTTP/1.1" 200 18233
[04/Aug/2018 14:33:37] "GET /static/website/assets/js/bootstrap.min.js HTTP/1.1" 200 37045
[04/Aug/2018 14:33:37] "GET /static/website/assets/css/main.css HTTP/1.1" 200 105050
[04/Aug/2018 14:33:37] "GET /static/website/assets/css/bootstrap.min.css HTTP/1.1" 200 121200
[04/Aug/2018 14:33:37] "GET /static/website/assets/lib/slick/slick.js HTTP/1.1" 200 84265
[04/Aug/2018 14:33:37] "GET /static/website/revolution/js/revolution.extension.carousel.min.js HTTP/1.1" 200 7519
[04/Aug/2018 14:33:37] "GET /static/website/revolution/js/revolution.extension.actions.min.js HTTP/1.1" 200 8090
[04/Aug/2018 14:33:37] "GET /static/website/revolution/js/revolution.extension.kenburn.min.js HTTP/1.1" 200 3329
[04/Aug/2018 14:33:37] "GET /static/website/revolution/js/jquery.themepunch.revolution.min.js HTTP/1.1" 200 59876
Not Found: /assets/img/close2.png
[04/Aug/2018 14:33:37] "GET /assets/img/close2.png HTTP/1.1" 404 5270
[04/Aug/2018 14:33:37] "GET /static/website/revolution/js/jquery.themepunch.tools.min.js HTTP/1.1" 200 107382
[04/Aug/2018 14:33:38] "GET /static/website/assets/img/logo.png HTTP/1.1" 200 2621
Not Found: /assets/img/close.png
[04/Aug/2018 14:33:38] "GET /assets/img/close.png HTTP/1.1" 404 5267
[04/Aug/2018 14:33:38] "GET /media/rohitsharma_slCBXEQ.png HTTP/1.1" 200 121306
[04/Aug/2018 14:33:38] "GET /static/website/revolution/js/revolution.extension.migration.min.js HTTP/1.1" 200 6104
[04/Aug/2018 14:33:38] "GET /static/website/revolution/js/revolution.extension.layeranimation.min.js HTTP/1.1" 200 45397
[04/Aug/2018 14:33:38] "GET /media/Individual_Players.jpg HTTP/1.1" 200 134455
[04/Aug/2018 14:33:38] "GET /static/website/revolution/js/revolution.extension.parallax.min.js HTTP/1.1" 200 9186
[04/Aug/2018 14:33:38] "GET /static/website/revolution/js/revolution.extension.navigation.min.js HTTP/1.1" 200 25915
[04/Aug/2018 14:33:38] "GET /static/website/revolution/js/revolution.initialize2.js HTTP/1.1" 200 2522
[04/Aug/2018 14:33:38] "GET /static/website/revolution/js/revolution.extension.slideanims.min.js HTTP/1.1" 200 28372
[04/Aug/2018 14:33:38] "GET /media/Jason-Roy.png HTTP/1.1" 200 262398
[04/Aug/2018 14:33:38] "GET /static/website/revolution/js/revolution.extension.video.min.js HTTP/1.1" 200 23835
[04/Aug/2018 14:33:38] "GET /static/website/assets/js/custom.js HTTP/1.1" 200 7696
[04/Aug/2018 14:33:39] "GET /static/website/assets/js/web3/main.js HTTP/1.1" 200 415
[04/Aug/2018 14:33:39] "GET /static/website/assets/js/web3/contractInstance.js HTTP/1.1" 200 7322
[04/Aug/2018 14:33:39] "GET /static/website/assets/js/web3/buyCard.js HTTP/1.1" 200 2504
[04/Aug/2018 14:33:39] "GET /media/babur_Azam.jpg HTTP/1.1" 200 431777
[04/Aug/2018 14:33:39] "GET /static/website/assets/lib/slick/ajax-loader.gif HTTP/1.1" 200 4178
[04/Aug/2018 14:33:41] "GET /media/pakistanteam_ueeMmSO.jpg HTTP/1.1" 200 1097731
[04/Aug/2018 14:33:42] "GET /media/banner_cartoon_12EevkI.jpg HTTP/1.1" 200 731874
[04/Aug/2018 14:33:42] "GET /media/banner_flag_cartoon_jJzYDh7.jpg HTTP/1.1" 200 693274
[04/Aug/2018 14:33:42] "GET /media/banner_cartoon_jaoycrk.jpg HTTP/1.1" 200 639604
Not Found: /favicon.ico
[04/Aug/2018 14:33:43] "GET /favicon.ico HTTP/1.1" 404 5240
[04/Aug/2018 14:48:22] "GET /static/website/revolution/js/revolution.extension.navigation.min.js HTTP/1.1" 200 16384
Traceback (most recent call last):
  File "/usr/lib64/python3.6/wsgiref/handlers.py", line 138, in run
    self.finish_response()
  File "/usr/lib64/python3.6/wsgiref/handlers.py", line 180, in finish_response
    self.write(data)
  File "/usr/lib64/python3.6/wsgiref/handlers.py", line 279, in write
    self._write(data)
  File "/usr/lib64/python3.6/wsgiref/handlers.py", line 453, in _write
    result = self.stdout.write(data)
  File "/usr/lib64/python3.6/socketserver.py", line 775, in write
    self._sock.sendall(b)
TimeoutError: [Errno 110] Connection timed out
[04/Aug/2018 14:48:22] "GET /static/website/revolution/js/revolution.extension.navigation.min.js HTTP/1.1" 500 59
----------------------------------------
Exception happened during processing of request from ('103.25.231.104', 57029)
Traceback (most recent call last):
  File "/usr/lib64/python3.6/wsgiref/handlers.py", line 138, in run
    self.finish_response()
  File "/usr/lib64/python3.6/wsgiref/handlers.py", line 180, in finish_response
    self.write(data)
  File "/usr/lib64/python3.6/wsgiref/handlers.py", line 279, in write
    self._write(data)
  File "/usr/lib64/python3.6/wsgiref/handlers.py", line 453, in _write
    result = self.stdout.write(data)
  File "/usr/lib64/python3.6/socketserver.py", line 775, in write
    self._sock.sendall(b)
TimeoutError: [Errno 110] Connection timed out

During handling of the above exception, another exception occurred:

Traceback (most recent call last):
  File "/usr/lib64/python3.6/wsgiref/handlers.py", line 141, in run
    self.handle_error()
  File "/home/cricket4crypto/public_html/CryptoCricket/venv/lib/python3.6/site-packages/django/core/servers/basehttp.py", line 86, in handle_error
    super().handle_error()
  File "/usr/lib64/python3.6/wsgiref/handlers.py", line 368, in handle_error
    self.finish_response()
  File "/usr/lib64/python3.6/wsgiref/handlers.py", line 180, in finish_response
    self.write(data)
  File "/usr/lib64/python3.6/wsgiref/handlers.py", line 274, in write
    self.send_headers()
  File "/usr/lib64/python3.6/wsgiref/handlers.py", line 331, in send_headers
    if not self.origin_server or self.client_is_modern():
  File "/usr/lib64/python3.6/wsgiref/handlers.py", line 344, in client_is_modern
    return self.environ['SERVER_PROTOCOL'].upper() != 'HTTP/0.9'
TypeError: 'NoneType' object is not subscriptable

During handling of the above exception, another exception occurred:

Traceback (most recent call last):
  File "/usr/lib64/python3.6/socketserver.py", line 639, in process_request_thread
    self.finish_request(request, client_address)
  File "/usr/lib64/python3.6/socketserver.py", line 361, in finish_request
    self.RequestHandlerClass(request, client_address, self)
  File "/usr/lib64/python3.6/socketserver.py", line 696, in __init__
    self.handle()
  File "/home/cricket4crypto/public_html/CryptoCricket/venv/lib/python3.6/site-packages/django/core/servers/basehttp.py", line 154, in handle
    handler.run(self.server.get_app())
  File "/usr/lib64/python3.6/wsgiref/handlers.py", line 144, in run
    self.close()
  File "/usr/lib64/python3.6/wsgiref/simple_server.py", line 35, in close
    self.status.split(' ',1)[0], self.bytes_sent
AttributeError: 'NoneType' object has no attribute 'split'
----------------------------------------
[04/Aug/2018 14:48:29] "GET /static/website/revolution/js/revolution.extension.layeranimation.min.js HTTP/1.1" 200 40960
Traceback (most recent call last):
  File "/usr/lib64/python3.6/wsgiref/handlers.py", line 138, in run
    self.finish_response()
  File "/usr/lib64/python3.6/wsgiref/handlers.py", line 180, in finish_response
    self.write(data)
  File "/usr/lib64/python3.6/wsgiref/handlers.py", line 279, in write
    self._write(data)
  File "/usr/lib64/python3.6/wsgiref/handlers.py", line 453, in _write
    result = self.stdout.write(data)
  File "/usr/lib64/python3.6/socketserver.py", line 775, in write
    self._sock.sendall(b)
TimeoutError: [Errno 110] Connection timed out
[04/Aug/2018 14:48:29] "GET /static/website/revolution/js/revolution.extension.layeranimation.min.js HTTP/1.1" 500 59
----------------------------------------
Exception happened during processing of request from ('103.25.231.104', 57027)
Traceback (most recent call last):
  File "/usr/lib64/python3.6/wsgiref/handlers.py", line 138, in run
    self.finish_response()
  File "/usr/lib64/python3.6/wsgiref/handlers.py", line 180, in finish_response
    self.write(data)
  File "/usr/lib64/python3.6/wsgiref/handlers.py", line 279, in write
    self._write(data)
  File "/usr/lib64/python3.6/wsgiref/handlers.py", line 453, in _write
    result = self.stdout.write(data)
  File "/usr/lib64/python3.6/socketserver.py", line 775, in write
    self._sock.sendall(b)
TimeoutError: [Errno 110] Connection timed out

During handling of the above exception, another exception occurred:

Traceback (most recent call last):
  File "/usr/lib64/python3.6/wsgiref/handlers.py", line 141, in run
    self.handle_error()
  File "/home/cricket4crypto/public_html/CryptoCricket/venv/lib/python3.6/site-packages/django/core/servers/basehttp.py", line 86, in handle_error
    super().handle_error()
  File "/usr/lib64/python3.6/wsgiref/handlers.py", line 368, in handle_error
    self.finish_response()
  File "/usr/lib64/python3.6/wsgiref/handlers.py", line 180, in finish_response
    self.write(data)
  File "/usr/lib64/python3.6/wsgiref/handlers.py", line 274, in write
    self.send_headers()
  File "/usr/lib64/python3.6/wsgiref/handlers.py", line 331, in send_headers
    if not self.origin_server or self.client_is_modern():
  File "/usr/lib64/python3.6/wsgiref/handlers.py", line 344, in client_is_modern
    return self.environ['SERVER_PROTOCOL'].upper() != 'HTTP/0.9'
TypeError: 'NoneType' object is not subscriptable

During handling of the above exception, another exception occurred:

Traceback (most recent call last):
  File "/usr/lib64/python3.6/socketserver.py", line 639, in process_request_thread
    self.finish_request(request, client_address)
  File "/usr/lib64/python3.6/socketserver.py", line 361, in finish_request
    self.RequestHandlerClass(request, client_address, self)
  File "/usr/lib64/python3.6/socketserver.py", line 696, in __init__
    self.handle()
  File "/home/cricket4crypto/public_html/CryptoCricket/venv/lib/python3.6/site-packages/django/core/servers/basehttp.py", line 154, in handle
    handler.run(self.server.get_app())
  File "/usr/lib64/python3.6/wsgiref/handlers.py", line 144, in run
    self.close()
  File "/usr/lib64/python3.6/wsgiref/simple_server.py", line 35, in close
    self.status.split(' ',1)[0], self.bytes_sent
AttributeError: 'NoneType' object has no attribute 'split'
----------------------------------------
[04/Aug/2018 14:49:14] "GET /static/website/revolution/js/jquery.themepunch.tools.min.js HTTP/1.1" 200 107382
Traceback (most recent call last):
  File "/usr/lib64/python3.6/wsgiref/handlers.py", line 138, in run
    self.finish_response()
  File "/usr/lib64/python3.6/wsgiref/handlers.py", line 180, in finish_response
    self.write(data)
  File "/usr/lib64/python3.6/wsgiref/handlers.py", line 279, in write
    self._write(data)
  File "/usr/lib64/python3.6/wsgiref/handlers.py", line 453, in _write
    result = self.stdout.write(data)
  File "/usr/lib64/python3.6/socketserver.py", line 775, in write
    self._sock.sendall(b)
TimeoutError: [Errno 110] Connection timed out
[04/Aug/2018 14:49:14] "GET /static/website/revolution/js/jquery.themepunch.tools.min.js HTTP/1.1" 500 59
----------------------------------------
Exception happened during processing of request from ('103.25.231.104', 57020)
Traceback (most recent call last):
  File "/usr/lib64/python3.6/wsgiref/handlers.py", line 138, in run
    self.finish_response()
  File "/usr/lib64/python3.6/wsgiref/handlers.py", line 180, in finish_response
    self.write(data)
  File "/usr/lib64/python3.6/wsgiref/handlers.py", line 279, in write
    self._write(data)
  File "/usr/lib64/python3.6/wsgiref/handlers.py", line 453, in _write
    result = self.stdout.write(data)
  File "/usr/lib64/python3.6/socketserver.py", line 775, in write
    self._sock.sendall(b)
TimeoutError: [Errno 110] Connection timed out

During handling of the above exception, another exception occurred:

Traceback (most recent call last):
  File "/usr/lib64/python3.6/wsgiref/handlers.py", line 141, in run
    self.handle_error()
  File "/home/cricket4crypto/public_html/CryptoCricket/venv/lib/python3.6/site-packages/django/core/servers/basehttp.py", line 86, in handle_error
    super().handle_error()
  File "/usr/lib64/python3.6/wsgiref/handlers.py", line 368, in handle_error
    self.finish_response()
  File "/usr/lib64/python3.6/wsgiref/handlers.py", line 180, in finish_response
    self.write(data)
  File "/usr/lib64/python3.6/wsgiref/handlers.py", line 274, in write
    self.send_headers()
  File "/usr/lib64/python3.6/wsgiref/handlers.py", line 331, in send_headers
    if not self.origin_server or self.client_is_modern():
  File "/usr/lib64/python3.6/wsgiref/handlers.py", line 344, in client_is_modern
    return self.environ['SERVER_PROTOCOL'].upper() != 'HTTP/0.9'
TypeError: 'NoneType' object is not subscriptable

During handling of the above exception, another exception occurred:

Traceback (most recent call last):
  File "/usr/lib64/python3.6/socketserver.py", line 639, in process_request_thread
    self.finish_request(request, client_address)
  File "/usr/lib64/python3.6/socketserver.py", line 361, in finish_request
    self.RequestHandlerClass(request, client_address, self)
  File "/usr/lib64/python3.6/socketserver.py", line 696, in __init__
    self.handle()
  File "/home/cricket4crypto/public_html/CryptoCricket/venv/lib/python3.6/site-packages/django/core/servers/basehttp.py", line 154, in handle
    handler.run(self.server.get_app())
  File "/usr/lib64/python3.6/wsgiref/handlers.py", line 144, in run
    self.close()
  File "/usr/lib64/python3.6/wsgiref/simple_server.py", line 35, in close
    self.status.split(' ',1)[0], self.bytes_sent
AttributeError: 'NoneType' object has no attribute 'split'
----------------------------------------
Not Found: /robots.txt
[05/Aug/2018 06:10:36] "GET /robots.txt HTTP/1.1" 404 5237
[05/Aug/2018 06:10:36] "GET / HTTP/1.1" 200 39035
[05/Aug/2018 06:10:36] "GET /static/website/assets/css/main.css HTTP/1.1" 304 0
[05/Aug/2018 06:10:36] "GET /static/website/revolution/css/settings.css HTTP/1.1" 304 0
[05/Aug/2018 06:10:36] "GET /static/website/assets/css/bootstrap.min.css HTTP/1.1" 304 0
[05/Aug/2018 06:10:36] "GET /static/website/revolution/css/navigation.css HTTP/1.1" 304 0
[05/Aug/2018 06:10:36] "GET /static/website/assets/lib/slick/slick.css HTTP/1.1" 304 0
[05/Aug/2018 06:10:36] "GET /static/website/assets/css/responsive.css HTTP/1.1" 304 0
[05/Aug/2018 06:10:36] "GET /static/website/assets/js/bootstrap.min.js HTTP/1.1" 304 0
[05/Aug/2018 06:10:36] "GET /static/website/assets/lib/slick/slick.js HTTP/1.1" 304 0
[05/Aug/2018 06:10:36] "GET /static/website/revolution/js/jquery.themepunch.tools.min.js HTTP/1.1" 304 0
[05/Aug/2018 06:10:36] "GET /static/website/revolution/js/jquery.themepunch.revolution.min.js HTTP/1.1" 304 0
[05/Aug/2018 06:10:37] "GET /static/website/assets/lib/slick/slick-theme.css HTTP/1.1" 304 0
[05/Aug/2018 06:10:37] "GET /static/website/revolution/js/revolution.extension.actions.min.js HTTP/1.1" 304 0
[05/Aug/2018 06:10:37] "GET /static/website/revolution/js/revolution.extension.carousel.min.js HTTP/1.1" 304 0
[05/Aug/2018 06:10:37] "GET /static/website/revolution/js/revolution.extension.kenburn.min.js HTTP/1.1" 304 0
[05/Aug/2018 06:10:37] "GET /static/website/revolution/js/revolution.extension.layeranimation.min.js HTTP/1.1" 304 0
[05/Aug/2018 06:10:37] "GET /static/website/revolution/js/revolution.extension.migration.min.js HTTP/1.1" 304 0
[05/Aug/2018 06:10:38] "GET /media/Individual_Players.jpg HTTP/1.1" 304 0
[05/Aug/2018 06:10:38] "GET /media/rohitsharma_slCBXEQ.png HTTP/1.1" 304 0
[05/Aug/2018 06:10:38] "GET /static/website/assets/img/logo.png HTTP/1.1" 304 0
[05/Aug/2018 06:10:38] "GET /media/Jason-Roy.png HTTP/1.1" 304 0
Not Found: /assets/img/close2.png
[05/Aug/2018 06:10:38] "GET /assets/img/close2.png HTTP/1.1" 404 5270
Not Found: /assets/img/close.png
[05/Aug/2018 06:10:38] "GET /assets/img/close.png HTTP/1.1" 404 5267
[05/Aug/2018 06:10:38] "GET /static/website/revolution/js/revolution.extension.navigation.min.js HTTP/1.1" 304 0
[05/Aug/2018 06:10:38] "GET /static/website/revolution/js/revolution.extension.parallax.min.js HTTP/1.1" 304 0
[05/Aug/2018 06:10:38] "GET /static/website/revolution/js/revolution.extension.slideanims.min.js HTTP/1.1" 304 0
[05/Aug/2018 06:10:38] "GET /static/website/revolution/js/revolution.extension.video.min.js HTTP/1.1" 304 0
[05/Aug/2018 06:10:39] "GET /media/babur_Azam.jpg HTTP/1.1" 200 431777
[05/Aug/2018 06:10:39] "GET /static/website/revolution/js/revolution.initialize2.js HTTP/1.1" 304 0
[05/Aug/2018 06:10:39] "GET /static/website/assets/js/custom.js HTTP/1.1" 304 0
[05/Aug/2018 06:10:39] "GET /static/website/assets/js/web3/main.js HTTP/1.1" 304 0
[05/Aug/2018 06:10:39] "GET /static/website/assets/js/web3/contractInstance.js HTTP/1.1" 304 0
[05/Aug/2018 06:10:39] "GET /static/website/assets/js/web3/buyCard.js HTTP/1.1" 304 0
[05/Aug/2018 06:10:40] "GET /static/website/assets/lib/slick/ajax-loader.gif HTTP/1.1" 304 0
[05/Aug/2018 06:10:41] "GET /media/banner_cartoon_12EevkI.jpg HTTP/1.1" 200 731874
[05/Aug/2018 06:10:42] "GET /media/banner_flag_cartoon_jJzYDh7.jpg HTTP/1.1" 200 693274
[05/Aug/2018 06:10:43] "GET /media/banner_cartoon_jaoycrk.jpg HTTP/1.1" 200 639604
[05/Aug/2018 06:10:43] "GET /media/pakistanteam_ueeMmSO.jpg HTTP/1.1" 200 1097731
